Using pre-set license
Built from '2020.3/staging' branch; Version is '2020.3.25f1 (9b9180224418) revision 10195328'; Using compiler version '192528614'; Build Type 'Release'
OS: 'Windows 10  (10.0.19042) 64bit Professional' Language: 'fr' Physical Memory: 16297 MB
BatchMode: 1, IsHumanControllingUs: 0, StartBugReporterOnCrash: 0, Is64bit: 1, IsPro: 0

COMMAND LINE ARGUMENTS:
D:\Unity\Hub\Director\2020.3.25f1\Editor\Unity.exe
-adb2
-batchMode
-noUpm
-name
AssetImportWorker0
-projectPath
D:/UnityProject/GameClient/my sPARKql2
-logFile
Logs/AssetImportWorker0.log
-srvPort
57308
Successfully changed project path to: D:/UnityProject/GameClient/my sPARKql2
D:/UnityProject/GameClient/my sPARKql2
Using Asset Import Pipeline V2.
Refreshing native plugins compatible for Editor in 30.12 ms, found 2 plugins.
Preloading 0 native plugins for Editor in 0.00 ms.
Initialize engine version: 2020.3.25f1 (9b9180224418)
[Subsystems] Discovering subsystems at path D:/Unity/Hub/Director/2020.3.25f1/Editor/Data/Resources/UnitySubsystems
[Subsystems] Discovering subsystems at path D:/UnityProject/GameClient/my sPARKql2/Assets
GfxDevice: creating device client; threaded=0
Direct3D:
    Version:  Direct3D 11.0 [level 11.1]
    Renderer: NVIDIA GeForce RTX 2060 SUPER (ID=0x1f06)
    Vendor:   
    VRAM:     8031 MB
    Driver:   30.0.15.1123
Initialize mono
Mono path[0] = 'D:/Unity/Hub/Director/2020.3.25f1/Editor/Data/Managed'
Mono path[1] = 'D:/Unity/Hub/Director/2020.3.25f1/Editor/Data/MonoBleedingEdge/lib/mono/unityjit'
Mono config path = 'D:/Unity/Hub/Director/2020.3.25f1/Editor/Data/MonoBleedingEdge/etc'
Using monoOptions --debugger-agent=transport=dt_socket,embedding=1,server=y,suspend=n,address=127.0.0.1:56032
Begin MonoManager ReloadAssembly
Registering precompiled unity dll's ...
Register platform support module: D:/Unity/Hub/Director/2020.3.25f1/Editor/Data/PlaybackEngines/WebGLSupport/UnityEditor.WebGL.Extensions.dll
Register platform support module: D:/Unity/Hub/Director/2020.3.25f1/Editor/Data/PlaybackEngines/WindowsStandaloneSupport/UnityEditor.WindowsStandalone.Extensions.dll
Registered in 0.001253 seconds.
Native extension for WindowsStandalone target not found
Native extension for WebGL target not found
Refreshing native plugins compatible for Editor in 25.48 ms, found 2 plugins.
Preloading 0 native plugins for Editor in 0.00 ms.
Mono: successfully reloaded assembly
- Completed reload, in  0.477 seconds
Domain Reload Profiling:
	ReloadAssembly (477ms)
		BeginReloadAssembly (62ms)
			ExecutionOrderSort (0ms)
			DisableScriptedObjects (0ms)
			BackupInstance (0ms)
			ReleaseScriptingObjects (0ms)
			CreateAndSetChildDomain (1ms)
		EndReloadAssembly (360ms)
			LoadAssemblies (62ms)
			RebuildTransferFunctionScriptingTraits (0ms)
			SetupTypeCache (127ms)
			ReleaseScriptCaches (0ms)
			RebuildScriptCaches (25ms)
			SetupLoadedEditorAssemblies (124ms)
				LogAssemblyErrors (0ms)
				InitializePlatformSupportModulesInManaged (4ms)
				SetLoadedEditorAssemblies (0ms)
				RefreshPlugins (26ms)
				BeforeProcessingInitializeOnLoad (6ms)
				ProcessInitializeOnLoadAttributes (66ms)
				ProcessInitializeOnLoadMethodAttributes (22ms)
				AfterProcessingInitializeOnLoad (0ms)
				EditorAssembliesLoaded (0ms)
			ExecutionOrderSort2 (0ms)
			AwakeInstancesAfterBackupRestoration (0ms)
Platform modules already initialized, skipping
Registering precompiled user dll's ...
Registered in 0.006492 seconds.
Begin MonoManager ReloadAssembly
Could not load signature of System.Configuration.Internal.DelegatingConfigHost:GetRestrictedPermissions due to: Could not resolve type with token 01000091 (from typeref, class/assembly System.Security.PermissionSet, System.Security.Permissions, Version=5.0.0.0, Culture=neutral, PublicKeyToken=cc7b13ffcd2ddd51) assembly:System.Security.Permissions, Version=5.0.0.0, Culture=neutral, PublicKeyToken=cc7b13ffcd2ddd51 type:System.Security.PermissionSet member:(null) signature:<none>
Could not load signature of System.Configuration.Internal.IInternalConfigHost:GetRestrictedPermissions due to: Could not resolve type with token 01000091 (from typeref, class/assembly System.Security.PermissionSet, System.Security.Permissions, Version=5.0.0.0, Culture=neutral, PublicKeyToken=cc7b13ffcd2ddd51) assembly:System.Security.Permissions, Version=5.0.0.0, Culture=neutral, PublicKeyToken=cc7b13ffcd2ddd51 type:System.Security.PermissionSet member:(null) signature:<none>
Error: Could not load signature of System.Configuration.Internal.DelegatingConfigHost:GetRestrictedPermissions due to: Could not resolve type with token 01000091 (from typeref, class/assembly System.Security.PermissionSet, System.Security.Permissions, Version=5.0.0.0, Culture=neutral, PublicKeyToken=cc7b13ffcd2ddd51) assembly:System.Security.Permissions, Version=5.0.0.0, Culture=neutral, PublicKeyToken=cc7b13ffcd2ddd51 type:System.Security.PermissionSet member:(null) signature:<none>
Error: Could not load signature of System.Xaml.Permissions.XamlAccessLevel:get_AssemblyAccessToAssemblyName due to: Could not resolve type with token 01000019 (from typeref, class/assembly System.Reflection.AssemblyName, System.Runtime, Version=4.2.1.0, Culture=neutral, PublicKeyToken=b03f5f7f11d50a3a) assembly:System.Runtime, Version=4.2.1.0, Culture=neutral, PublicKeyToken=b03f5f7f11d50a3a type:System.Reflection.AssemblyName member:(null) signature:<none>
Unloading broken assembly Assets/Plugins/System.Configuration.ConfigurationManager.dll, this assembly can cause crashes in the runtime
Unloading broken assembly Assets/Plugins/System.Security.Permissions.dll, this assembly can cause crashes in the runtime
Unloading broken assembly Assets/Plugins/System.Drawing.Common.dll, this assembly can cause crashes in the runtime
Unloading broken assembly Assets/Plugins/System.Windows.Extensions.dll, this assembly can cause crashes in the runtime
Native extension for WindowsStandalone target not found
Native extension for WebGL target not found
Refreshing native plugins compatible for Editor in 0.30 ms, found 2 plugins.
Preloading 0 native plugins for Editor in 0.00 ms.
Mono: successfully reloaded assembly
- Completed reload, in  1.035 seconds
Domain Reload Profiling:
	ReloadAssembly (1037ms)
		BeginReloadAssembly (137ms)
			ExecutionOrderSort (0ms)
			DisableScriptedObjects (5ms)
			BackupInstance (0ms)
			ReleaseScriptingObjects (0ms)
			CreateAndSetChildDomain (15ms)
		EndReloadAssembly (853ms)
			LoadAssemblies (97ms)
			RebuildTransferFunctionScriptingTraits (0ms)
			SetupTypeCache (342ms)
			ReleaseScriptCaches (0ms)
			RebuildScriptCaches (38ms)
			SetupLoadedEditorAssemblies (296ms)
				LogAssemblyErrors (0ms)
				InitializePlatformSupportModulesInManaged (4ms)
				SetLoadedEditorAssemblies (0ms)
				RefreshPlugins (0ms)
				BeforeProcessingInitializeOnLoad (44ms)
				ProcessInitializeOnLoadAttributes (234ms)
				ProcessInitializeOnLoadMethodAttributes (9ms)
				AfterProcessingInitializeOnLoad (3ms)
				EditorAssembliesLoaded (0ms)
			ExecutionOrderSort2 (0ms)
			AwakeInstancesAfterBackupRestoration (13ms)
Platform modules already initialized, skipping
========================================================================
Worker process is ready to serve import requests
Launched and connected shader compiler UnityShaderCompiler.exe after 0.04 seconds
Refreshing native plugins compatible for Editor in 0.29 ms, found 2 plugins.
Preloading 0 native plugins for Editor in 0.00 ms.
Unloading 1517 Unused Serialized files (Serialized files now loaded: 0)
System memory in use before: 71.0 MB.
System memory in use after: 71.1 MB.

Unloading 26 unused Assets to reduce memory usage. Loaded Objects now: 1945.
Total: 2.331300 ms (FindLiveObjects: 0.239800 ms CreateObjectMapping: 0.060900 ms MarkObjects: 1.964700 ms  DeleteObjects: 0.064900 ms)

AssetImportParameters requested are different than current active one (requested -> active):
  custom:framework-win-MediaFoundation: 216162199b28c13a410421893ffa2e32 -> 
  custom:video-decoder-ogg-theora: a1e56fd34408186e4bbccfd4996cb3dc -> 
  custom:container-muxer-webm: aa71ff27fc2769a1b78a27578f13a17b -> 
  custom:container-demuxer-webm: 4f35f7cbe854078d1ac9338744f61a02 -> 
  custom:container-demuxer-ogg: 62fdf1f143b41e24485cea50d1cbac27 -> 
  custom:video-encoder-webm-vp8: eb34c28f22e8b96e1ab97ce403110664 -> 
  custom:video-decoder-webm-vp8: 9c59270c3fd7afecdb556c50c9e8de78 -> 
  custom:audio-decoder-ogg-vorbis: bf7c407c2cedff20999df2af8eb42d56 -> 
  custom:audio-encoder-webm-vorbis: bf7c407c2cedff20999df2af8eb42d56 -> 
========================================================================
Received Import Request.
  path: Assets/Scripts/PlayerMovement.cs
  artifactKey: Guid(49a2e9f2631e1c34cb0b0183113dc675) Importer(815301076,1909f56bfc062723c751e8b465ee728b)
Start importing Assets/Scripts/PlayerMovement.cs using Guid(49a2e9f2631e1c34cb0b0183113dc675) Importer(815301076,1909f56bfc062723c751e8b465ee728b)  -> (artifact id: 'b5a497ea6ffc78d2ba6422e978e50b53') in 0.028397 seconds 
  Import took 0.030532 seconds .

========================================================================
Received Import Request.
  Time since last request: 1.451885 seconds.
  path: Assets/Scripts/HUD.cs
  artifactKey: Guid(f99ad5389903bc541b1f58852c70c2a0) Importer(815301076,1909f56bfc062723c751e8b465ee728b)
Start importing Assets/Scripts/HUD.cs using Guid(f99ad5389903bc541b1f58852c70c2a0) Importer(815301076,1909f56bfc062723c751e8b465ee728b)  -> (artifact id: '3b45212c0b5f365ccdbd4bbbcb6286ce') in 0.023191 seconds 
  Import took 0.026731 seconds .

========================================================================
Received Import Request.
  Time since last request: 9820.323660 seconds.
  path: Assets/sphinx.jpg
  artifactKey: Guid(3846c808a3b39034fa927e87444919bb) Importer(815301076,1909f56bfc062723c751e8b465ee728b)
Start importing Assets/sphinx.jpg using Guid(3846c808a3b39034fa927e87444919bb) Importer(815301076,1909f56bfc062723c751e8b465ee728b)  -> (artifact id: 'b48e8d848ed04e4af37848e16d1ca8f8') in 0.113769 seconds 
  Import took 0.143150 seconds .

========================================================================
Received Import Request.
  Time since last request: 88.654947 seconds.
  path: Assets/guidant le peuple.jpg
  artifactKey: Guid(373c660fa5f123341a1724af37a38d1f) Importer(815301076,1909f56bfc062723c751e8b465ee728b)
Start importing Assets/guidant le peuple.jpg using Guid(373c660fa5f123341a1724af37a38d1f) Importer(815301076,1909f56bfc062723c751e8b465ee728b)  -> (artifact id: '84d45679357e57b3c4127d98ce25c0b4') in 0.007423 seconds 
  Import took 0.009659 seconds .

========================================================================
Received Import Request.
  Time since last request: 5.197231 seconds.
  path: Assets/guidant le peuple 1.jpg
  artifactKey: Guid(1d24ec84420278e41bb5242011411f66) Importer(815301076,1909f56bfc062723c751e8b465ee728b)
Start importing Assets/guidant le peuple 1.jpg using Guid(1d24ec84420278e41bb5242011411f66) Importer(815301076,1909f56bfc062723c751e8b465ee728b)  -> (artifact id: '7fa5b446cf0d8d4e5ba43639d6530550') in 0.006385 seconds 
  Import took 0.009189 seconds .

========================================================================
Received Import Request.
  Time since last request: 216.823933 seconds.
  path: Assets/par le baiser.jpg
  artifactKey: Guid(4d95f7bb11eb73d4a9fea6e62edff0c2) Importer(815301076,1909f56bfc062723c751e8b465ee728b)
Start importing Assets/par le baiser.jpg using Guid(4d95f7bb11eb73d4a9fea6e62edff0c2) Importer(815301076,1909f56bfc062723c751e8b465ee728b)  -> (artifact id: '62dd0b37dd7aeaf15ea0b14fdc9c89ad') in 0.006534 seconds 
  Import took 0.009655 seconds .

========================================================================
Received Import Request.
  Time since last request: 103.335296 seconds.
  path: Assets/scribe.jpg
  artifactKey: Guid(1abc984abe4413e46a63f54241b237d7) Importer(815301076,1909f56bfc062723c751e8b465ee728b)
Start importing Assets/scribe.jpg using Guid(1abc984abe4413e46a63f54241b237d7) Importer(815301076,1909f56bfc062723c751e8b465ee728b)  -> (artifact id: '90243298d6aeff1752f8a5028d095fbe') in 0.006264 seconds 
  Import took 0.008251 seconds .

========================================================================
Received Import Request.
  Time since last request: 33.173704 seconds.
  path: Assets/serment des horaces.jpg
  artifactKey: Guid(00cf380d15c7c1940bd1fca5bc5fed04) Importer(815301076,1909f56bfc062723c751e8b465ee728b)
Start importing Assets/serment des horaces.jpg using Guid(00cf380d15c7c1940bd1fca5bc5fed04) Importer(815301076,1909f56bfc062723c751e8b465ee728b)  -> (artifact id: 'f82316d2f4815be74d897a77fb965d00') in 0.005564 seconds 
  Import took 0.007688 seconds .

========================================================================
Received Import Request.
  Time since last request: 2.814922 seconds.
  path: Assets/scribe 1.jpg
  artifactKey: Guid(a8b21ffec2581b048b67c65124e27691) Importer(815301076,1909f56bfc062723c751e8b465ee728b)
Start importing Assets/scribe 1.jpg using Guid(a8b21ffec2581b048b67c65124e27691) Importer(815301076,1909f56bfc062723c751e8b465ee728b)  -> (artifact id: '3e068c3a6f93bf64da05b04085171664') in 0.006642 seconds 
  Import took 0.008774 seconds .

========================================================================
Received Import Request.
  Time since last request: 210.611005 seconds.
  path: Assets/gladiateur.jpg
  artifactKey: Guid(1130c541af752694795c5666ab9087d7) Importer(815301076,1909f56bfc062723c751e8b465ee728b)
Start importing Assets/gladiateur.jpg using Guid(1130c541af752694795c5666ab9087d7) Importer(815301076,1909f56bfc062723c751e8b465ee728b)  -> (artifact id: '38e59d62321e2898ef15f01524fa17bf') in 0.005901 seconds 
  Import took 0.008241 seconds .

========================================================================
Received Import Request.
  Time since last request: 112.266277 seconds.
  path: Assets/La Vierge aux rochers.jpg
  artifactKey: Guid(cb2b39ab94cde76408ea5e7af30fb133) Importer(815301076,1909f56bfc062723c751e8b465ee728b)
Start importing Assets/La Vierge aux rochers.jpg using Guid(cb2b39ab94cde76408ea5e7af30fb133) Importer(815301076,1909f56bfc062723c751e8b465ee728b)  -> (artifact id: 'c0d9d0c824d9016cd7fd1ff209fadc0f') in 0.006493 seconds 
  Import took 0.008477 seconds .

========================================================================
Received Prepare
Registering precompiled user dll's ...
Registered in 0.005805 seconds.
Begin MonoManager ReloadAssembly
Could not load signature of System.Configuration.Internal.DelegatingConfigHost:GetRestrictedPermissions due to: Could not resolve type with token 01000091 (from typeref, class/assembly System.Security.PermissionSet, System.Security.Permissions, Version=5.0.0.0, Culture=neutral, PublicKeyToken=cc7b13ffcd2ddd51) assembly:System.Security.Permissions, Version=5.0.0.0, Culture=neutral, PublicKeyToken=cc7b13ffcd2ddd51 type:System.Security.PermissionSet member:(null) signature:<none>
Could not load signature of System.Configuration.Internal.IInternalConfigHost:GetRestrictedPermissions due to: Could not resolve type with token 01000091 (from typeref, class/assembly System.Security.PermissionSet, System.Security.Permissions, Version=5.0.0.0, Culture=neutral, PublicKeyToken=cc7b13ffcd2ddd51) assembly:System.Security.Permissions, Version=5.0.0.0, Culture=neutral, PublicKeyToken=cc7b13ffcd2ddd51 type:System.Security.PermissionSet member:(null) signature:<none>
Error: Could not load signature of System.Configuration.Internal.DelegatingConfigHost:GetRestrictedPermissions due to: Could not resolve type with token 01000091 (from typeref, class/assembly System.Security.PermissionSet, System.Security.Permissions, Version=5.0.0.0, Culture=neutral, PublicKeyToken=cc7b13ffcd2ddd51) assembly:System.Security.Permissions, Version=5.0.0.0, Culture=neutral, PublicKeyToken=cc7b13ffcd2ddd51 type:System.Security.PermissionSet member:(null) signature:<none>
Error: Could not load signature of System.Xaml.Permissions.XamlAccessLevel:get_AssemblyAccessToAssemblyName due to: Could not resolve type with token 01000019 (from typeref, class/assembly System.Reflection.AssemblyName, System.Runtime, Version=4.2.1.0, Culture=neutral, PublicKeyToken=b03f5f7f11d50a3a) assembly:System.Runtime, Version=4.2.1.0, Culture=neutral, PublicKeyToken=b03f5f7f11d50a3a type:System.Reflection.AssemblyName member:(null) signature:<none>
Unloading broken assembly Assets/Plugins/System.Configuration.ConfigurationManager.dll, this assembly can cause crashes in the runtime
Unloading broken assembly Assets/Plugins/System.Security.Permissions.dll, this assembly can cause crashes in the runtime
Unloading broken assembly Assets/Plugins/System.Drawing.Common.dll, this assembly can cause crashes in the runtime
Unloading broken assembly Assets/Plugins/System.Windows.Extensions.dll, this assembly can cause crashes in the runtime
Native extension for WindowsStandalone target not found
Native extension for WebGL target not found
Refreshing native plugins compatible for Editor in 0.32 ms, found 2 plugins.
Preloading 0 native plugins for Editor in 0.00 ms.
Mono: successfully reloaded assembly
- Completed reload, in  0.909 seconds
Domain Reload Profiling:
	ReloadAssembly (910ms)
		BeginReloadAssembly (153ms)
			ExecutionOrderSort (0ms)
			DisableScriptedObjects (4ms)
			BackupInstance (0ms)
			ReleaseScriptingObjects (0ms)
			CreateAndSetChildDomain (56ms)
		EndReloadAssembly (709ms)
			LoadAssemblies (107ms)
			RebuildTransferFunctionScriptingTraits (0ms)
			SetupTypeCache (293ms)
			ReleaseScriptCaches (1ms)
			RebuildScriptCaches (31ms)
			SetupLoadedEditorAssemblies (220ms)
				LogAssemblyErrors (0ms)
				InitializePlatformSupportModulesInManaged (5ms)
				SetLoadedEditorAssemblies (1ms)
				RefreshPlugins (0ms)
				BeforeProcessingInitializeOnLoad (37ms)
				ProcessInitializeOnLoadAttributes (168ms)
				ProcessInitializeOnLoadMethodAttributes (7ms)
				AfterProcessingInitializeOnLoad (2ms)
				EditorAssembliesLoaded (0ms)
			ExecutionOrderSort2 (0ms)
			AwakeInstancesAfterBackupRestoration (6ms)
Platform modules already initialized, skipping
Refreshing native plugins compatible for Editor in 0.30 ms, found 2 plugins.
Preloading 0 native plugins for Editor in 0.00 ms.
Unloading 1509 Unused Serialized files (Serialized files now loaded: 0)
System memory in use before: 70.7 MB.
System memory in use after: 70.8 MB.

Unloading 21 unused Assets to reduce memory usage. Loaded Objects now: 1951.
Total: 2.676500 ms (FindLiveObjects: 0.112000 ms CreateObjectMapping: 0.037700 ms MarkObjects: 2.507800 ms  DeleteObjects: 0.017700 ms)

AssetImportParameters requested are different than current active one (requested -> active):
  custom:framework-win-MediaFoundation: 216162199b28c13a410421893ffa2e32 -> 
  custom:video-decoder-ogg-theora: a1e56fd34408186e4bbccfd4996cb3dc -> 
  custom:container-muxer-webm: aa71ff27fc2769a1b78a27578f13a17b -> 
  custom:container-demuxer-webm: 4f35f7cbe854078d1ac9338744f61a02 -> 
  custom:container-demuxer-ogg: 62fdf1f143b41e24485cea50d1cbac27 -> 
  custom:video-encoder-webm-vp8: eb34c28f22e8b96e1ab97ce403110664 -> 
  custom:video-decoder-webm-vp8: 9c59270c3fd7afecdb556c50c9e8de78 -> 
  custom:audio-decoder-ogg-vorbis: bf7c407c2cedff20999df2af8eb42d56 -> 
  custom:audio-encoder-webm-vorbis: bf7c407c2cedff20999df2af8eb42d56 -> 
========================================================================
Received Prepare
Registering precompiled user dll's ...
Registered in 0.005960 seconds.
Begin MonoManager ReloadAssembly
Could not load signature of System.Configuration.Internal.DelegatingConfigHost:GetRestrictedPermissions due to: Could not resolve type with token 01000091 (from typeref, class/assembly System.Security.PermissionSet, System.Security.Permissions, Version=5.0.0.0, Culture=neutral, PublicKeyToken=cc7b13ffcd2ddd51) assembly:System.Security.Permissions, Version=5.0.0.0, Culture=neutral, PublicKeyToken=cc7b13ffcd2ddd51 type:System.Security.PermissionSet member:(null) signature:<none>
Could not load signature of System.Configuration.Internal.IInternalConfigHost:GetRestrictedPermissions due to: Could not resolve type with token 01000091 (from typeref, class/assembly System.Security.PermissionSet, System.Security.Permissions, Version=5.0.0.0, Culture=neutral, PublicKeyToken=cc7b13ffcd2ddd51) assembly:System.Security.Permissions, Version=5.0.0.0, Culture=neutral, PublicKeyToken=cc7b13ffcd2ddd51 type:System.Security.PermissionSet member:(null) signature:<none>
Error: Could not load signature of System.Configuration.Internal.DelegatingConfigHost:GetRestrictedPermissions due to: Could not resolve type with token 01000091 (from typeref, class/assembly System.Security.PermissionSet, System.Security.Permissions, Version=5.0.0.0, Culture=neutral, PublicKeyToken=cc7b13ffcd2ddd51) assembly:System.Security.Permissions, Version=5.0.0.0, Culture=neutral, PublicKeyToken=cc7b13ffcd2ddd51 type:System.Security.PermissionSet member:(null) signature:<none>
Error: Could not load signature of System.Xaml.Permissions.XamlAccessLevel:get_AssemblyAccessToAssemblyName due to: Could not resolve type with token 01000019 (from typeref, class/assembly System.Reflection.AssemblyName, System.Runtime, Version=4.2.1.0, Culture=neutral, PublicKeyToken=b03f5f7f11d50a3a) assembly:System.Runtime, Version=4.2.1.0, Culture=neutral, PublicKeyToken=b03f5f7f11d50a3a type:System.Reflection.AssemblyName member:(null) signature:<none>
Unloading broken assembly Assets/Plugins/System.Configuration.ConfigurationManager.dll, this assembly can cause crashes in the runtime
Unloading broken assembly Assets/Plugins/System.Security.Permissions.dll, this assembly can cause crashes in the runtime
Unloading broken assembly Assets/Plugins/System.Drawing.Common.dll, this assembly can cause crashes in the runtime
Unloading broken assembly Assets/Plugins/System.Windows.Extensions.dll, this assembly can cause crashes in the runtime
Native extension for WindowsStandalone target not found
Native extension for WebGL target not found
Refreshing native plugins compatible for Editor in 0.33 ms, found 2 plugins.
Preloading 0 native plugins for Editor in 0.00 ms.
Mono: successfully reloaded assembly
- Completed reload, in  0.806 seconds
Domain Reload Profiling:
	ReloadAssembly (807ms)
		BeginReloadAssembly (111ms)
			ExecutionOrderSort (0ms)
			DisableScriptedObjects (3ms)
			BackupInstance (0ms)
			ReleaseScriptingObjects (0ms)
			CreateAndSetChildDomain (26ms)
		EndReloadAssembly (652ms)
			LoadAssemblies (90ms)
			RebuildTransferFunctionScriptingTraits (0ms)
			SetupTypeCache (258ms)
			ReleaseScriptCaches (5ms)
			RebuildScriptCaches (31ms)
			SetupLoadedEditorAssemblies (210ms)
				LogAssemblyErrors (0ms)
				InitializePlatformSupportModulesInManaged (4ms)
				SetLoadedEditorAssemblies (0ms)
				RefreshPlugins (0ms)
				BeforeProcessingInitializeOnLoad (40ms)
				ProcessInitializeOnLoadAttributes (157ms)
				ProcessInitializeOnLoadMethodAttributes (7ms)
				AfterProcessingInitializeOnLoad (2ms)
				EditorAssembliesLoaded (0ms)
			ExecutionOrderSort2 (0ms)
			AwakeInstancesAfterBackupRestoration (6ms)
Platform modules already initialized, skipping
Refreshing native plugins compatible for Editor in 0.33 ms, found 2 plugins.
Preloading 0 native plugins for Editor in 0.00 ms.
Unloading 1509 Unused Serialized files (Serialized files now loaded: 0)
System memory in use before: 70.7 MB.
System memory in use after: 70.9 MB.

Unloading 21 unused Assets to reduce memory usage. Loaded Objects now: 1953.
Total: 2.084900 ms (FindLiveObjects: 0.107400 ms CreateObjectMapping: 0.038000 ms MarkObjects: 1.923900 ms  DeleteObjects: 0.014700 ms)

AssetImportParameters requested are different than current active one (requested -> active):
  custom:framework-win-MediaFoundation: 216162199b28c13a410421893ffa2e32 -> 
  custom:video-decoder-ogg-theora: a1e56fd34408186e4bbccfd4996cb3dc -> 
  custom:container-muxer-webm: aa71ff27fc2769a1b78a27578f13a17b -> 
  custom:container-demuxer-webm: 4f35f7cbe854078d1ac9338744f61a02 -> 
  custom:container-demuxer-ogg: 62fdf1f143b41e24485cea50d1cbac27 -> 
  custom:video-encoder-webm-vp8: eb34c28f22e8b96e1ab97ce403110664 -> 
  custom:video-decoder-webm-vp8: 9c59270c3fd7afecdb556c50c9e8de78 -> 
  custom:audio-decoder-ogg-vorbis: bf7c407c2cedff20999df2af8eb42d56 -> 
  custom:audio-encoder-webm-vorbis: bf7c407c2cedff20999df2af8eb42d56 -> 
========================================================================
Received Prepare
Registering precompiled user dll's ...
Registered in 0.006792 seconds.
Begin MonoManager ReloadAssembly
Could not load signature of System.Configuration.Internal.DelegatingConfigHost:GetRestrictedPermissions due to: Could not resolve type with token 01000091 (from typeref, class/assembly System.Security.PermissionSet, System.Security.Permissions, Version=5.0.0.0, Culture=neutral, PublicKeyToken=cc7b13ffcd2ddd51) assembly:System.Security.Permissions, Version=5.0.0.0, Culture=neutral, PublicKeyToken=cc7b13ffcd2ddd51 type:System.Security.PermissionSet member:(null) signature:<none>
Could not load signature of System.Configuration.Internal.IInternalConfigHost:GetRestrictedPermissions due to: Could not resolve type with token 01000091 (from typeref, class/assembly System.Security.PermissionSet, System.Security.Permissions, Version=5.0.0.0, Culture=neutral, PublicKeyToken=cc7b13ffcd2ddd51) assembly:System.Security.Permissions, Version=5.0.0.0, Culture=neutral, PublicKeyToken=cc7b13ffcd2ddd51 type:System.Security.PermissionSet member:(null) signature:<none>
Error: Could not load signature of System.Configuration.Internal.DelegatingConfigHost:GetRestrictedPermissions due to: Could not resolve type with token 01000091 (from typeref, class/assembly System.Security.PermissionSet, System.Security.Permissions, Version=5.0.0.0, Culture=neutral, PublicKeyToken=cc7b13ffcd2ddd51) assembly:System.Security.Permissions, Version=5.0.0.0, Culture=neutral, PublicKeyToken=cc7b13ffcd2ddd51 type:System.Security.PermissionSet member:(null) signature:<none>
Error: Could not load signature of System.Xaml.Permissions.XamlAccessLevel:get_AssemblyAccessToAssemblyName due to: Could not resolve type with token 01000019 (from typeref, class/assembly System.Reflection.AssemblyName, System.Runtime, Version=4.2.1.0, Culture=neutral, PublicKeyToken=b03f5f7f11d50a3a) assembly:System.Runtime, Version=4.2.1.0, Culture=neutral, PublicKeyToken=b03f5f7f11d50a3a type:System.Reflection.AssemblyName member:(null) signature:<none>
Unloading broken assembly Assets/Plugins/System.Configuration.ConfigurationManager.dll, this assembly can cause crashes in the runtime
Unloading broken assembly Assets/Plugins/System.Security.Permissions.dll, this assembly can cause crashes in the runtime
Unloading broken assembly Assets/Plugins/System.Drawing.Common.dll, this assembly can cause crashes in the runtime
Unloading broken assembly Assets/Plugins/System.Windows.Extensions.dll, this assembly can cause crashes in the runtime
Native extension for WindowsStandalone target not found
Native extension for WebGL target not found
Refreshing native plugins compatible for Editor in 0.32 ms, found 2 plugins.
Preloading 0 native plugins for Editor in 0.00 ms.
Mono: successfully reloaded assembly
- Completed reload, in  0.908 seconds
Domain Reload Profiling:
	ReloadAssembly (909ms)
		BeginReloadAssembly (117ms)
			ExecutionOrderSort (0ms)
			DisableScriptedObjects (4ms)
			BackupInstance (0ms)
			ReleaseScriptingObjects (0ms)
			CreateAndSetChildDomain (28ms)
		EndReloadAssembly (741ms)
			LoadAssemblies (117ms)
			RebuildTransferFunctionScriptingTraits (0ms)
			SetupTypeCache (297ms)
			ReleaseScriptCaches (1ms)
			RebuildScriptCaches (34ms)
			SetupLoadedEditorAssemblies (240ms)
				LogAssemblyErrors (0ms)
				InitializePlatformSupportModulesInManaged (5ms)
				SetLoadedEditorAssemblies (0ms)
				RefreshPlugins (0ms)
				BeforeProcessingInitializeOnLoad (47ms)
				ProcessInitializeOnLoadAttributes (178ms)
				ProcessInitializeOnLoadMethodAttributes (8ms)
				AfterProcessingInitializeOnLoad (2ms)
				EditorAssembliesLoaded (0ms)
			ExecutionOrderSort2 (0ms)
			AwakeInstancesAfterBackupRestoration (6ms)
Platform modules already initialized, skipping
Refreshing native plugins compatible for Editor in 0.33 ms, found 2 plugins.
Preloading 0 native plugins for Editor in 0.00 ms.
Unloading 1509 Unused Serialized files (Serialized files now loaded: 0)
System memory in use before: 70.8 MB.
System memory in use after: 70.9 MB.

Unloading 21 unused Assets to reduce memory usage. Loaded Objects now: 1955.
Total: 2.149700 ms (FindLiveObjects: 0.117600 ms CreateObjectMapping: 0.040100 ms MarkObjects: 1.978100 ms  DeleteObjects: 0.013000 ms)

AssetImportParameters requested are different than current active one (requested -> active):
  custom:framework-win-MediaFoundation: 216162199b28c13a410421893ffa2e32 -> 
  custom:video-decoder-ogg-theora: a1e56fd34408186e4bbccfd4996cb3dc -> 
  custom:container-muxer-webm: aa71ff27fc2769a1b78a27578f13a17b -> 
  custom:container-demuxer-webm: 4f35f7cbe854078d1ac9338744f61a02 -> 
  custom:container-demuxer-ogg: 62fdf1f143b41e24485cea50d1cbac27 -> 
  custom:video-encoder-webm-vp8: eb34c28f22e8b96e1ab97ce403110664 -> 
  custom:video-decoder-webm-vp8: 9c59270c3fd7afecdb556c50c9e8de78 -> 
  custom:audio-decoder-ogg-vorbis: bf7c407c2cedff20999df2af8eb42d56 -> 
  custom:audio-encoder-webm-vorbis: bf7c407c2cedff20999df2af8eb42d56 -> 
========================================================================
Received Prepare
Registering precompiled user dll's ...
Registered in 0.007098 seconds.
Begin MonoManager ReloadAssembly
Could not load signature of System.Configuration.Internal.DelegatingConfigHost:GetRestrictedPermissions due to: Could not resolve type with token 01000091 (from typeref, class/assembly System.Security.PermissionSet, System.Security.Permissions, Version=5.0.0.0, Culture=neutral, PublicKeyToken=cc7b13ffcd2ddd51) assembly:System.Security.Permissions, Version=5.0.0.0, Culture=neutral, PublicKeyToken=cc7b13ffcd2ddd51 type:System.Security.PermissionSet member:(null) signature:<none>
Could not load signature of System.Configuration.Internal.IInternalConfigHost:GetRestrictedPermissions due to: Could not resolve type with token 01000091 (from typeref, class/assembly System.Security.PermissionSet, System.Security.Permissions, Version=5.0.0.0, Culture=neutral, PublicKeyToken=cc7b13ffcd2ddd51) assembly:System.Security.Permissions, Version=5.0.0.0, Culture=neutral, PublicKeyToken=cc7b13ffcd2ddd51 type:System.Security.PermissionSet member:(null) signature:<none>
Error: Could not load signature of System.Configuration.Internal.DelegatingConfigHost:GetRestrictedPermissions due to: Could not resolve type with token 01000091 (from typeref, class/assembly System.Security.PermissionSet, System.Security.Permissions, Version=5.0.0.0, Culture=neutral, PublicKeyToken=cc7b13ffcd2ddd51) assembly:System.Security.Permissions, Version=5.0.0.0, Culture=neutral, PublicKeyToken=cc7b13ffcd2ddd51 type:System.Security.PermissionSet member:(null) signature:<none>
Error: Could not load signature of System.Xaml.Permissions.XamlAccessLevel:get_AssemblyAccessToAssemblyName due to: Could not resolve type with token 01000019 (from typeref, class/assembly System.Reflection.AssemblyName, System.Runtime, Version=4.2.1.0, Culture=neutral, PublicKeyToken=b03f5f7f11d50a3a) assembly:System.Runtime, Version=4.2.1.0, Culture=neutral, PublicKeyToken=b03f5f7f11d50a3a type:System.Reflection.AssemblyName member:(null) signature:<none>
Unloading broken assembly Assets/Plugins/System.Configuration.ConfigurationManager.dll, this assembly can cause crashes in the runtime
Unloading broken assembly Assets/Plugins/System.Security.Permissions.dll, this assembly can cause crashes in the runtime
Unloading broken assembly Assets/Plugins/System.Drawing.Common.dll, this assembly can cause crashes in the runtime
Unloading broken assembly Assets/Plugins/System.Windows.Extensions.dll, this assembly can cause crashes in the runtime
Native extension for WindowsStandalone target not found
Native extension for WebGL target not found
Refreshing native plugins compatible for Editor in 0.35 ms, found 2 plugins.
Preloading 0 native plugins for Editor in 0.00 ms.
Mono: successfully reloaded assembly
- Completed reload, in  0.918 seconds
Domain Reload Profiling:
	ReloadAssembly (918ms)
		BeginReloadAssembly (129ms)
			ExecutionOrderSort (0ms)
			DisableScriptedObjects (4ms)
			BackupInstance (0ms)
			ReleaseScriptingObjects (0ms)
			CreateAndSetChildDomain (30ms)
		EndReloadAssembly (739ms)
			LoadAssemblies (108ms)
			RebuildTransferFunctionScriptingTraits (0ms)
			SetupTypeCache (310ms)
			ReleaseScriptCaches (1ms)
			RebuildScriptCaches (33ms)
			SetupLoadedEditorAssemblies (233ms)
				LogAssemblyErrors (0ms)
				InitializePlatformSupportModulesInManaged (6ms)
				SetLoadedEditorAssemblies (0ms)
				RefreshPlugins (0ms)
				BeforeProcessingInitializeOnLoad (41ms)
				ProcessInitializeOnLoadAttributes (176ms)
				ProcessInitializeOnLoadMethodAttributes (8ms)
				AfterProcessingInitializeOnLoad (2ms)
				EditorAssembliesLoaded (0ms)
			ExecutionOrderSort2 (0ms)
			AwakeInstancesAfterBackupRestoration (6ms)
Platform modules already initialized, skipping
Refreshing native plugins compatible for Editor in 0.44 ms, found 2 plugins.
Preloading 0 native plugins for Editor in 0.00 ms.
Unloading 1509 Unused Serialized files (Serialized files now loaded: 0)
System memory in use before: 70.8 MB.
System memory in use after: 70.9 MB.

Unloading 21 unused Assets to reduce memory usage. Loaded Objects now: 1957.
Total: 2.473100 ms (FindLiveObjects: 0.138200 ms CreateObjectMapping: 0.049600 ms MarkObjects: 2.268400 ms  DeleteObjects: 0.016000 ms)

AssetImportParameters requested are different than current active one (requested -> active):
  custom:framework-win-MediaFoundation: 216162199b28c13a410421893ffa2e32 -> 
  custom:video-decoder-ogg-theora: a1e56fd34408186e4bbccfd4996cb3dc -> 
  custom:container-muxer-webm: aa71ff27fc2769a1b78a27578f13a17b -> 
  custom:container-demuxer-webm: 4f35f7cbe854078d1ac9338744f61a02 -> 
  custom:container-demuxer-ogg: 62fdf1f143b41e24485cea50d1cbac27 -> 
  custom:video-encoder-webm-vp8: eb34c28f22e8b96e1ab97ce403110664 -> 
  custom:video-decoder-webm-vp8: 9c59270c3fd7afecdb556c50c9e8de78 -> 
  custom:audio-decoder-ogg-vorbis: bf7c407c2cedff20999df2af8eb42d56 -> 
  custom:audio-encoder-webm-vorbis: bf7c407c2cedff20999df2af8eb42d56 -> 
========================================================================
Received Prepare
Registering precompiled user dll's ...
Registered in 0.007112 seconds.
Begin MonoManager ReloadAssembly
Could not load signature of System.Configuration.Internal.DelegatingConfigHost:GetRestrictedPermissions due to: Could not resolve type with token 01000091 (from typeref, class/assembly System.Security.PermissionSet, System.Security.Permissions, Version=5.0.0.0, Culture=neutral, PublicKeyToken=cc7b13ffcd2ddd51) assembly:System.Security.Permissions, Version=5.0.0.0, Culture=neutral, PublicKeyToken=cc7b13ffcd2ddd51 type:System.Security.PermissionSet member:(null) signature:<none>
Could not load signature of System.Configuration.Internal.IInternalConfigHost:GetRestrictedPermissions due to: Could not resolve type with token 01000091 (from typeref, class/assembly System.Security.PermissionSet, System.Security.Permissions, Version=5.0.0.0, Culture=neutral, PublicKeyToken=cc7b13ffcd2ddd51) assembly:System.Security.Permissions, Version=5.0.0.0, Culture=neutral, PublicKeyToken=cc7b13ffcd2ddd51 type:System.Security.PermissionSet member:(null) signature:<none>
Error: Could not load signature of System.Configuration.Internal.DelegatingConfigHost:GetRestrictedPermissions due to: Could not resolve type with token 01000091 (from typeref, class/assembly System.Security.PermissionSet, System.Security.Permissions, Version=5.0.0.0, Culture=neutral, PublicKeyToken=cc7b13ffcd2ddd51) assembly:System.Security.Permissions, Version=5.0.0.0, Culture=neutral, PublicKeyToken=cc7b13ffcd2ddd51 type:System.Security.PermissionSet member:(null) signature:<none>
Error: Could not load signature of System.Xaml.Permissions.XamlAccessLevel:get_AssemblyAccessToAssemblyName due to: Could not resolve type with token 01000019 (from typeref, class/assembly System.Reflection.AssemblyName, System.Runtime, Version=4.2.1.0, Culture=neutral, PublicKeyToken=b03f5f7f11d50a3a) assembly:System.Runtime, Version=4.2.1.0, Culture=neutral, PublicKeyToken=b03f5f7f11d50a3a type:System.Reflection.AssemblyName member:(null) signature:<none>
Unloading broken assembly Assets/Plugins/System.Configuration.ConfigurationManager.dll, this assembly can cause crashes in the runtime
Unloading broken assembly Assets/Plugins/System.Security.Permissions.dll, this assembly can cause crashes in the runtime
Unloading broken assembly Assets/Plugins/System.Drawing.Common.dll, this assembly can cause crashes in the runtime
Unloading broken assembly Assets/Plugins/System.Windows.Extensions.dll, this assembly can cause crashes in the runtime
Native extension for WindowsStandalone target not found
Native extension for WebGL target not found
Refreshing native plugins compatible for Editor in 0.35 ms, found 2 plugins.
Preloading 0 native plugins for Editor in 0.00 ms.
Mono: successfully reloaded assembly
- Completed reload, in  0.872 seconds
Domain Reload Profiling:
	ReloadAssembly (873ms)
		BeginReloadAssembly (117ms)
			ExecutionOrderSort (0ms)
			DisableScriptedObjects (4ms)
			BackupInstance (0ms)
			ReleaseScriptingObjects (0ms)
			CreateAndSetChildDomain (30ms)
		EndReloadAssembly (707ms)
			LoadAssemblies (103ms)
			RebuildTransferFunctionScriptingTraits (0ms)
			SetupTypeCache (283ms)
			ReleaseScriptCaches (1ms)
			RebuildScriptCaches (33ms)
			SetupLoadedEditorAssemblies (228ms)
				LogAssemblyErrors (0ms)
				InitializePlatformSupportModulesInManaged (5ms)
				SetLoadedEditorAssemblies (0ms)
				RefreshPlugins (0ms)
				BeforeProcessingInitializeOnLoad (38ms)
				ProcessInitializeOnLoadAttributes (173ms)
				ProcessInitializeOnLoadMethodAttributes (8ms)
				AfterProcessingInitializeOnLoad (2ms)
				EditorAssembliesLoaded (0ms)
			ExecutionOrderSort2 (0ms)
			AwakeInstancesAfterBackupRestoration (6ms)
Platform modules already initialized, skipping
Refreshing native plugins compatible for Editor in 0.35 ms, found 2 plugins.
Preloading 0 native plugins for Editor in 0.00 ms.
Unloading 1509 Unused Serialized files (Serialized files now loaded: 0)
System memory in use before: 70.8 MB.
System memory in use after: 70.9 MB.

Unloading 21 unused Assets to reduce memory usage. Loaded Objects now: 1959.
Total: 2.572300 ms (FindLiveObjects: 0.154000 ms CreateObjectMapping: 0.058000 ms MarkObjects: 2.343600 ms  DeleteObjects: 0.015700 ms)

AssetImportParameters requested are different than current active one (requested -> active):
  custom:framework-win-MediaFoundation: 216162199b28c13a410421893ffa2e32 -> 
  custom:video-decoder-ogg-theora: a1e56fd34408186e4bbccfd4996cb3dc -> 
  custom:container-muxer-webm: aa71ff27fc2769a1b78a27578f13a17b -> 
  custom:container-demuxer-webm: 4f35f7cbe854078d1ac9338744f61a02 -> 
  custom:container-demuxer-ogg: 62fdf1f143b41e24485cea50d1cbac27 -> 
  custom:video-encoder-webm-vp8: eb34c28f22e8b96e1ab97ce403110664 -> 
  custom:video-decoder-webm-vp8: 9c59270c3fd7afecdb556c50c9e8de78 -> 
  custom:audio-decoder-ogg-vorbis: bf7c407c2cedff20999df2af8eb42d56 -> 
  custom:audio-encoder-webm-vorbis: bf7c407c2cedff20999df2af8eb42d56 -> 
AssetImportWorkerClient::OnTransportError - code=2 error=End of file
